<?xml version="1.0" encoding="UTF-8"?>
<testng-results ignored="0" total="5" passed="5" failed="0" skipped="0">
  <reporter-output>
  </reporter-output>
  <suite started-at="2024-01-06T11:47:35 IST" name="Default suite" finished-at="2024-01-06T11:47:54 IST" duration-ms="18971">
    <groups>
    </groups>
    <test started-at="2024-01-06T11:47:35 IST" name="Default test" finished-at="2024-01-06T11:47:54 IST" duration-ms="18971">
      <class name="com.simplilearn.testng.starhealth001">
        <test-method is-config="true" signature="beforeClass()[pri:0, instance:com.simplilearn.testng.starhealth001@6150c3ec]" started-at="2024-01-06T11:47:35 IST" name="beforeClass" finished-at="2024-01-06T11:47:42 IST" duration-ms="6470" status="PASS">
          <reporter-output>
          </reporter-output>
        </test-method> <!-- beforeClass -->
        <test-method signature="test1()[pri:0, instance:com.simplilearn.testng.starhealth001@6150c3ec]" started-at="2024-01-06T11:47:42 IST" name="test1" description="alt value of the star health logo " finished-at="2024-01-06T11:47:42 IST" duration-ms="81" status="PASS">
          <reporter-output>
          </reporter-output>
        </test-method> <!-- test1 -->
        <test-method signature="test2()[pri:0, instance:com.simplilearn.testng.starhealth001@6150c3ec]" started-at="2024-01-06T11:47:42 IST" name="test2" description="details filling " finished-at="2024-01-06T11:47:45 IST" duration-ms="2717" status="PASS">
          <reporter-output>
          </reporter-output>
        </test-method> <!-- test2 -->
        <test-method signature="test3()[pri:0, instance:com.simplilearn.testng.starhealth001@6150c3ec]" started-at="2024-01-06T11:47:45 IST" name="test3" description="validate data by excelsheet " finished-at="2024-01-06T11:47:45 IST" duration-ms="648" status="PASS">
          <reporter-output>
          </reporter-output>
        </test-method> <!-- test3 -->
        <test-method signature="test4()[pri:0, instance:com.simplilearn.testng.starhealth001@6150c3ec]" started-at="2024-01-06T11:47:45 IST" name="test4" description="social media logo " finished-at="2024-01-06T11:47:48 IST" duration-ms="2466" status="PASS">
          <reporter-output>
          </reporter-output>
        </test-method> <!-- test4 -->
        <test-method signature="test5()[pri:0, instance:com.simplilearn.testng.starhealth001@6150c3ec]" started-at="2024-01-06T11:47:48 IST" name="test5" description="twitter scenario " finished-at="2024-01-06T11:47:53 IST" duration-ms="5228" status="PASS">
          <reporter-output>
          </reporter-output>
        </test-method> <!-- test5 -->
        <test-method is-config="true" signature="afterClass()[pri:0, instance:com.simplilearn.testng.starhealth001@6150c3ec]" started-at="2024-01-06T11:47:53 IST" name="afterClass" finished-at="2024-01-06T11:47:54 IST" duration-ms="1302" status="PASS">
          <reporter-output>
          </reporter-output>
        </test-method> <!-- afterClass -->
      </class> <!-- com.simplilearn.testng.starhealth001 -->
    </test> <!-- Default test -->
  </suite> <!-- Default suite -->
</testng-results>
