<?xml version="1.0" encoding="UTF-8"?>
<!-- Generated by org.testng.reporters.JUnitXMLReporter -->
<testsuite ignored="0" hostname="Nik" failures="0" tests="6" name="Girddemo-standAlone" time="40.025" errors="0" timestamp="2023-12-23T20:47:10 IST">
  <testcase classname="Chrome.HomePageTest" name="test1" time="7.148"/>
  <testcase classname="Chrome.TicketChecking" name="test1" time="7.886"/>
  <testcase classname="Firefox.HomePageTest" name="test1" time="5.074"/>
  <testcase classname="Chrome.cabRental" name="test1" time="13.448"/>
  <testcase classname="Firefox.TicketCheckTest" name="test1" time="6.338"/>
  <testcase classname="Firefox.cabRental" name="test1" time="9.822"/>
</testsuite> <!-- Girddemo-standAlone -->
