<?xml version="1.0" encoding="UTF-8"?>
<!-- Generated by org.testng.reporters.JUnitXMLReporter -->
<testsuite ignored="0" hostname="Nik" failures="0" tests="6" name="Parallel Test" time="21.437" errors="0" timestamp="2024-01-06T11:46:15 IST">
  <testcase classname="com.simplilearn.testng.starhealth001" name="test1" time="0.149"/>
  <testcase classname="com.simplilearn.testng.starhealth001" name="test2" time="3.077"/>
  <testcase classname="com.simplilearn.testng.starhealth001" name="test3" time="1.092"/>
  <testcase classname="com.simplilearn.testng.starhealth002" name="test1" time="4.327"/>
  <testcase classname="com.simplilearn.testng.starhealth001" name="test4" time="2.467"/>
  <testcase classname="com.simplilearn.testng.starhealth001" name="test5" time="5.165"/>
</testsuite> <!-- Parallel Test -->
