<?xml version="1.0" encoding="UTF-8"?>
<testsuite name="REST APIs"
           tests="3"
           failures="0"
           errors="0"
           skipped="0"
           time="6.252">
  <properties />
  
  
            <testcase name="getRequestWithUserIdTest" time="0.506" classname="com.simplilearn.resttesting.GetRequestTest" />
                <testcase name="getRequestWithQueryParmsTest" time="0.580" classname="com.simplilearn.resttesting.GetRequestTest" />
                <testcase name="getRequestTest" time="5.166" classname="com.simplilearn.resttesting.GetRequestTest" />
      
</testsuite>
