<?xml version="1.0" encoding="UTF-8"?>
<!-- Generated by org.testng.reporters.JUnitXMLReporter -->
<testsuite ignored="0" hostname="Nik" failures="0" tests="9" name="REST APIs" time="16.157" errors="0" timestamp="2024-01-21T17:23:03 IST">
  <testcase classname="com.simplilearn.resttesting.GetRequestTest" name="getRequestTest" time="5.166"/>
  <testcase classname="com.simplilearn.resttesting.GetRequestTest" name="getRequestWithQueryParmsTest" time="0.58"/>
  <testcase classname="com.simplilearn.resttesting.GetRequestTest" name="getRequestWithUserIdTest" time="0.506"/>
  <testcase classname="com.simplilearn.resttesting.Post" name="postRequestTest" time="2.714"/>
  <testcase classname="com.simplilearn.resttesting.Put" name="putRequestTest" time="2.045"/>
  <testcase classname="com.simplilearn.resttesting.Patch" name="putRequestTest" time="2.147"/>
  <testcase classname="com.simplilearn.resttesting.Delete" name="putRequestTest" time="1.013"/>
  <testcase classname="com.simplilearn.resttesting.Delete" name="putRequestTest" time="0.918"/>
  <testcase classname="com.simplilearn.resttesting.Delete" name="putRequestTest" time="0.918"/>
</testsuite> <!-- REST APIs -->
