<?xml version="1.0" encoding="UTF-8"?>
<testsuite name="Other Test"
           tests="3"
           failures="0"
           errors="0"
           skipped="0"
           time="0.022">
  <properties />
  
  
            <testcase name="testAsserts" time="0.001" classname="com.simplilearn.phase2.Phase2_selenium_tetsng.AssertionTest" />
                <testcase name="softAssertTest" time="0.014" classname="com.simplilearn.phase2.Phase2_selenium_tetsng.AssertionTest" />
                <testcase name="hardAssertTest" time="0.007" classname="com.simplilearn.phase2.Phase2_selenium_tetsng.AssertionTest" />
      
</testsuite>
