<?xml version="1.0" encoding="UTF-8"?>
<!-- Generated by org.testng.reporters.JUnitXMLReporter -->
<testsuite ignored="0" hostname="Nik" failures="0" tests="3" name="Default test" time="6.233" errors="0" timestamp="2024-01-21T17:20:20 IST">
  <testcase classname="com.simplilearn.resttesting.Delete" name="putRequestTest" time="4.04"/>
  <testcase classname="com.simplilearn.resttesting.Delete" name="putRequestTest" time="1.079"/>
  <testcase classname="com.simplilearn.resttesting.Delete" name="putRequestTest" time="1.019"/>
</testsuite> <!-- Default test -->
