<?xml version="1.0" encoding="UTF-8"?>
<testng-results ignored="0" total="6" passed="6" failed="0" skipped="0">
  <reporter-output>
  </reporter-output>
  <suite started-at="2023-12-23T20:46:30 IST" name="parallelredbus" finished-at="2023-12-23T20:47:10 IST" duration-ms="40025">
    <groups>
    </groups>
    <test started-at="2023-12-23T20:46:30 IST" name="Girddemo-standAlone" finished-at="2023-12-23T20:47:10 IST" duration-ms="40025">
      <class name="Chrome.cabRental">
        <test-method is-config="true" signature="setUp()[pri:0, instance:Chrome.cabRental@7586beff]" started-at="2023-12-23T20:46:30 IST" name="setUp" finished-at="2023-12-23T20:46:35 IST" duration-ms="5013" status="PASS">
          <reporter-output>
          </reporter-output>
        </test-method> <!-- setUp -->
        <test-method signature="test1()[pri:0, instance:Chrome.cabRental@7586beff]" started-at="2023-12-23T20:46:35 IST" name="test1" finished-at="2023-12-23T20:46:49 IST" duration-ms="13448" status="PASS">
          <reporter-output>
          </reporter-output>
        </test-method> <!-- test1 -->
        <test-method is-config="true" signature="closesession()[pri:0, instance:Chrome.cabRental@7586beff]" started-at="2023-12-23T20:46:49 IST" name="closesession" finished-at="2023-12-23T20:46:49 IST" duration-ms="205" status="PASS">
          <reporter-output>
          </reporter-output>
        </test-method> <!-- closesession -->
      </class> <!-- Chrome.cabRental -->
      <class name="Chrome.HomePageTest">
        <test-method is-config="true" signature="setUp()[pri:0, instance:Chrome.HomePageTest@6a6cb05c]" started-at="2023-12-23T20:46:30 IST" name="setUp" finished-at="2023-12-23T20:46:35 IST" duration-ms="5012" status="PASS">
          <reporter-output>
          </reporter-output>
        </test-method> <!-- setUp -->
        <test-method signature="test1()[pri:0, instance:Chrome.HomePageTest@6a6cb05c]" started-at="2023-12-23T20:46:35 IST" name="test1" finished-at="2023-12-23T20:46:42 IST" duration-ms="7148" status="PASS">
          <reporter-output>
          </reporter-output>
        </test-method> <!-- test1 -->
        <test-method is-config="true" signature="closesession()[pri:0, instance:Chrome.HomePageTest@6a6cb05c]" started-at="2023-12-23T20:46:42 IST" name="closesession" finished-at="2023-12-23T20:46:43 IST" duration-ms="289" status="PASS">
          <reporter-output>
          </reporter-output>
        </test-method> <!-- closesession -->
      </class> <!-- Chrome.HomePageTest -->
      <class name="Firefox.cabRental">
        <test-method is-config="true" signature="setUp()[pri:0, instance:Firefox.cabRental@5542c4ed]" started-at="2023-12-23T20:46:30 IST" name="setUp" finished-at="2023-12-23T20:46:59 IST" duration-ms="28875" status="PASS">
          <reporter-output>
          </reporter-output>
        </test-method> <!-- setUp -->
        <test-method signature="test1()[pri:0, instance:Firefox.cabRental@5542c4ed]" started-at="2023-12-23T20:46:59 IST" name="test1" finished-at="2023-12-23T20:47:09 IST" duration-ms="9822" status="PASS">
          <reporter-output>
          </reporter-output>
        </test-method> <!-- test1 -->
        <test-method is-config="true" signature="closesession()[pri:0, instance:Firefox.cabRental@5542c4ed]" started-at="2023-12-23T20:47:09 IST" name="closesession" finished-at="2023-12-23T20:47:10 IST" duration-ms="1289" status="PASS">
          <reporter-output>
          </reporter-output>
        </test-method> <!-- closesession -->
      </class> <!-- Firefox.cabRental -->
      <class name="Firefox.TicketCheckTest">
        <test-method is-config="true" signature="setUp()[pri:0, instance:Firefox.TicketCheckTest@815b41f]" started-at="2023-12-23T20:46:30 IST" name="setUp" finished-at="2023-12-23T20:46:59 IST" duration-ms="28827" status="PASS">
          <reporter-output>
          </reporter-output>
        </test-method> <!-- setUp -->
        <test-method signature="test1()[pri:0, instance:Firefox.TicketCheckTest@815b41f]" started-at="2023-12-23T20:46:59 IST" name="test1" finished-at="2023-12-23T20:47:05 IST" duration-ms="6338" status="PASS">
          <reporter-output>
          </reporter-output>
        </test-method> <!-- test1 -->
        <test-method is-config="true" signature="closesession()[pri:0, instance:Firefox.TicketCheckTest@815b41f]" started-at="2023-12-23T20:47:05 IST" name="closesession" finished-at="2023-12-23T20:47:09 IST" duration-ms="3925" status="PASS">
          <reporter-output>
          </reporter-output>
        </test-method> <!-- closesession -->
      </class> <!-- Firefox.TicketCheckTest -->
      <class name="Chrome.TicketChecking">
        <test-method is-config="true" signature="setUp()[pri:0, instance:Chrome.TicketChecking@4c12331b]" started-at="2023-12-23T20:46:30 IST" name="setUp" finished-at="2023-12-23T20:46:35 IST" duration-ms="5013" status="PASS">
          <reporter-output>
          </reporter-output>
        </test-method> <!-- setUp -->
        <test-method signature="test1()[pri:0, instance:Chrome.TicketChecking@4c12331b]" started-at="2023-12-23T20:46:35 IST" name="test1" finished-at="2023-12-23T20:46:43 IST" duration-ms="7886" status="PASS">
          <reporter-output>
          </reporter-output>
        </test-method> <!-- test1 -->
        <test-method is-config="true" signature="closesession()[pri:0, instance:Chrome.TicketChecking@4c12331b]" started-at="2023-12-23T20:46:43 IST" name="closesession" finished-at="2023-12-23T20:46:43 IST" duration-ms="260" status="PASS">
          <reporter-output>
          </reporter-output>
        </test-method> <!-- closesession -->
      </class> <!-- Chrome.TicketChecking -->
      <class name="Firefox.HomePageTest">
        <test-method is-config="true" signature="setUp()[pri:0, instance:Firefox.HomePageTest@3b69e7d1]" started-at="2023-12-23T20:46:30 IST" name="setUp" finished-at="2023-12-23T20:46:39 IST" duration-ms="9277" status="PASS">
          <reporter-output>
          </reporter-output>
        </test-method> <!-- setUp -->
        <test-method signature="test1()[pri:0, instance:Firefox.HomePageTest@3b69e7d1]" started-at="2023-12-23T20:46:39 IST" name="test1" finished-at="2023-12-23T20:46:44 IST" duration-ms="5074" status="PASS">
          <reporter-output>
          </reporter-output>
        </test-method> <!-- test1 -->
        <test-method is-config="true" signature="closesession()[pri:0, instance:Firefox.HomePageTest@3b69e7d1]" started-at="2023-12-23T20:46:44 IST" name="closesession" finished-at="2023-12-23T20:46:47 IST" duration-ms="2917" status="PASS">
          <reporter-output>
          </reporter-output>
        </test-method> <!-- closesession -->
      </class> <!-- Firefox.HomePageTest -->
    </test> <!-- Girddemo-standAlone -->
  </suite> <!-- parallelredbus -->
</testng-results>
