<?xml version="1.0" encoding="UTF-8"?>
<testng-results ignored="0" total="9" passed="9" failed="0" skipped="0">
  <reporter-output>
  </reporter-output>
  <suite started-at="2024-01-21T17:22:47 IST" name="RestAssured Test" finished-at="2024-01-21T17:23:03 IST" duration-ms="16157">
    <groups>
    </groups>
    <test started-at="2024-01-21T17:22:47 IST" name="REST APIs" finished-at="2024-01-21T17:23:03 IST" duration-ms="16157">
      <class name="com.simplilearn.resttesting.Post">
        <test-method signature="postRequestTest()[pri:0, instance:com.simplilearn.resttesting.Post@687e99d8]" started-at="2024-01-21T17:22:54 IST" name="postRequestTest" description="Test for executing POST request using rest assured" finished-at="2024-01-21T17:22:56 IST" duration-ms="2714" status="PASS">
          <reporter-output>
          </reporter-output>
        </test-method> <!-- postRequestTest -->
      </class> <!-- com.simplilearn.resttesting.Post -->
      <class name="com.simplilearn.resttesting.Patch">
        <test-method signature="putRequestTest()[pri:0, instance:com.simplilearn.resttesting.Patch@6aaceffd]" started-at="2024-01-21T17:22:58 IST" name="putRequestTest" description="Test for executing PATCH request test using rest assured" finished-at="2024-01-21T17:23:01 IST" duration-ms="2147" status="PASS">
          <reporter-output>
          </reporter-output>
        </test-method> <!-- putRequestTest -->
      </class> <!-- com.simplilearn.resttesting.Patch -->
      <class name="com.simplilearn.resttesting.Delete">
        <test-method signature="putRequestTest(int)[pri:0, instance:com.simplilearn.resttesting.Delete@c86b9e3]" started-at="2024-01-21T17:23:01 IST" name="putRequestTest" description="Test for executing DELETE request using rest assured" data-provider="deleteUserRestAssured" finished-at="2024-01-21T17:23:02 IST" duration-ms="1013" status="PASS">
          <params>
            <param index="0">
              <value>
                <![CDATA[2]]>
              </value>
            </param>
          </params>
          <reporter-output>
          </reporter-output>
        </test-method> <!-- putRequestTest -->
        <test-method signature="putRequestTest(int)[pri:0, instance:com.simplilearn.resttesting.Delete@c86b9e3]" started-at="2024-01-21T17:23:02 IST" name="putRequestTest" description="Test for executing DELETE request using rest assured" data-provider="deleteUserRestAssured" finished-at="2024-01-21T17:23:02 IST" duration-ms="918" status="PASS">
          <params>
            <param index="0">
              <value>
                <![CDATA[7]]>
              </value>
            </param>
          </params>
          <reporter-output>
          </reporter-output>
        </test-method> <!-- putRequestTest -->
        <test-method signature="putRequestTest(int)[pri:0, instance:com.simplilearn.resttesting.Delete@c86b9e3]" started-at="2024-01-21T17:23:02 IST" name="putRequestTest" description="Test for executing DELETE request using rest assured" data-provider="deleteUserRestAssured" finished-at="2024-01-21T17:23:03 IST" duration-ms="918" status="PASS">
          <params>
            <param index="0">
              <value>
                <![CDATA[11]]>
              </value>
            </param>
          </params>
          <reporter-output>
          </reporter-output>
        </test-method> <!-- putRequestTest -->
      </class> <!-- com.simplilearn.resttesting.Delete -->
      <class name="com.simplilearn.resttesting.GetRequestTest">
        <test-method signature="getRequestTest()[pri:0, instance:com.simplilearn.resttesting.GetRequestTest@1e178745]" started-at="2024-01-21T17:22:47 IST" name="getRequestTest" description="Test for executing GET request using rest assured" finished-at="2024-01-21T17:22:53 IST" duration-ms="5166" status="PASS">
          <reporter-output>
          </reporter-output>
        </test-method> <!-- getRequestTest -->
        <test-method signature="getRequestWithQueryParmsTest()[pri:0, instance:com.simplilearn.resttesting.GetRequestTest@1e178745]" started-at="2024-01-21T17:22:53 IST" name="getRequestWithQueryParmsTest" description="Test for executing GET request using query parms" finished-at="2024-01-21T17:22:53 IST" duration-ms="580" status="PASS">
          <reporter-output>
          </reporter-output>
        </test-method> <!-- getRequestWithQueryParmsTest -->
        <test-method signature="getRequestWithUserIdTest()[pri:0, instance:com.simplilearn.resttesting.GetRequestTest@1e178745]" started-at="2024-01-21T17:22:53 IST" name="getRequestWithUserIdTest" description="Test for executing GET /users request with userId" finished-at="2024-01-21T17:22:54 IST" duration-ms="506" status="PASS">
          <reporter-output>
          </reporter-output>
        </test-method> <!-- getRequestWithUserIdTest -->
      </class> <!-- com.simplilearn.resttesting.GetRequestTest -->
      <class name="com.simplilearn.resttesting.Put">
        <test-method signature="putRequestTest()[pri:0, instance:com.simplilearn.resttesting.Put@e4487af]" started-at="2024-01-21T17:22:56 IST" name="putRequestTest" description="Test for executing PUT request using rest assured" finished-at="2024-01-21T17:22:58 IST" duration-ms="2045" status="PASS">
          <reporter-output>
          </reporter-output>
        </test-method> <!-- putRequestTest -->
      </class> <!-- com.simplilearn.resttesting.Put -->
    </test> <!-- REST APIs -->
  </suite> <!-- RestAssured Test -->
</testng-results>
