<?xml version="1.0" encoding="UTF-8"?>
<!-- Generated by org.testng.reporters.JUnitXMLReporter -->
<testsuite ignored="1" hostname="Nik" failures="0" tests="5" name="Other Test" time="0.033" errors="0" timestamp="2023-12-20T16:52:55 IST">
  <testcase classname="com.simplilearn.phase2.Phase2_selenium_tetsng.TestNgStandardAnnotaion" name="testOne" time="0.002"/>
  <testcase classname="com.simplilearn.phase2.Phase2_selenium_tetsng.TestNgStandardAnnotaion" name="testTwo" time="0.002"/>
  <testcase classname="com.simplilearn.phase2.Phase2_selenium_tetsng.AssertionTest" name="hardAssertTest" time="0.001"/>
  <testcase classname="com.simplilearn.phase2.Phase2_selenium_tetsng.AssertionTest" name="softAssertTest" time="0.016"/>
  <testcase classname="com.simplilearn.phase2.Phase2_selenium_tetsng.AssertionTest" name="testAsserts" time="0.001"/>
  <testcase classname="com.simplilearn.phase2.Phase2_selenium_tetsng.TestNgStandardAnnotaion" name="testThree" time="0.0">
    <ignored/>
  </testcase> <!-- testThree -->
</testsuite> <!-- Other Test -->
