<?xml version="1.0" encoding="UTF-8"?>
<!-- Generated by org.testng.reporters.JUnitXMLReporter -->
<testsuite ignored="0" hostname="Nik" failures="0" tests="2" name="Default test" time="16.014" errors="0" timestamp="2023-12-20T15:22:39 IST">
  <testcase classname="com.simplilearn.phase2.Phase2_selenium_tetsng.AmazonLinVerificationByXpath" name="xpathLinkTest1" time="2.326"/>
  <testcase classname="com.simplilearn.phase2.Phase2_selenium_tetsng.AmazonLinVerificationByXpath" name="xpathLinkTest2" time="1.277"/>
</testsuite> <!-- Default test -->
